2022.11.10 21:22:34 INFO  tracing is disabled for protocol LSP, to enable tracing of incoming and outgoing JSON messages create an empty file at /workspace/Parcial1/parcial/.metals/lsp.trace.json or /home/gitpod/.cache/metals/lsp.trace.json
2022.11.10 21:22:35 INFO  logging to file /workspace/Parcial1/parcial/.metals/metals.log
2022.11.10 21:22:35 INFO  Started: Metals version 0.11.9 in workspace '/workspace/Parcial1/parcial' for client Gitpod Code 1.73.0.
2022.11.10 21:22:36 INFO  time: initialize in 1.67s
2022.11.10 21:22:39 WARN  Build server is not auto-connectable.
2022.11.10 21:22:39 WARN  no build target for: /workspace/Parcial1/parcial/src/main/scala/Main.scala
Nov 10, 2022 9:22:39 PM org.eclipse.lsp4j.jsonrpc.RemoteEndpoint handleCancellation
WARNING: Unmatched cancel notification for request id 2
Nov 10, 2022 9:22:39 PM org.eclipse.lsp4j.jsonrpc.RemoteEndpoint handleCancellation
WARNING: Unmatched cancel notification for request id 3
Nov 10, 2022 9:22:39 PM org.eclipse.lsp4j.jsonrpc.RemoteEndpoint handleCancellation
WARNING: Unmatched cancel notification for request id 1
2022.11.10 21:22:39 WARN  no build target for: /workspace/Parcial1/parcial/src/main/scala/Main.scala
2022.11.10 21:22:46 INFO  no build target found for /workspace/Parcial1/parcial/src/main/scala/Main.scala. Using presentation compiler with project's scala-library version: 3.2.0
2022.11.10 21:22:48 INFO  time: code lens generation in 1.12s
2022.11.10 21:22:48 INFO  time: code lens generation in 8.6s
2022.11.10 21:23:08 WARN  no build target for: /workspace/Parcial1/parcial/src/main/scala/Main.scala
2022.11.10 21:23:11 WARN  no build target for: /workspace/Parcial1/parcial/src/main/scala/Main.scala
2022.11.10 21:23:15 WARN  no build target for: /workspace/Parcial1/parcial/src/main/scala/Main.scala
2022.11.10 21:23:35 WARN  no build target for: /workspace/Parcial1/parcial/src/main/scala/Main.scala
2022.11.10 21:23:40 WARN  no build target for: /workspace/Parcial1/parcial/src/main/scala/Main.scala
2022.11.10 21:23:44 WARN  no build target for: /workspace/Parcial1/parcial/src/main/scala/Main.scala
2022.11.10 21:23:45 WARN  no build target for: /workspace/Parcial1/parcial/src/main/scala/Main.scala
2022.11.10 21:23:47 WARN  no build target for: /workspace/Parcial1/parcial/src/main/scala/Main.scala
2022.11.10 21:23:49 WARN  no build target for: /workspace/Parcial1/parcial/src/main/scala/Main.scala
2022.11.10 21:23:52 WARN  no build target for: /workspace/Parcial1/parcial/src/main/scala/Main.scala
2022.11.10 21:23:56 WARN  no build target for: /workspace/Parcial1/parcial/src/main/scala/Main.scala
Nov 10, 2022 9:23:57 PM org.eclipse.lsp4j.jsonrpc.RemoteEndpoint handleCancellation
WARNING: Unmatched cancel notification for request id 124
2022.11.10 21:24:01 WARN  no build target for: /workspace/Parcial1/parcial/src/main/scala/Main.scala
2022.11.10 21:24:05 WARN  no build target for: /workspace/Parcial1/parcial/src/main/scala/Main.scala
2022.11.10 21:24:16 WARN  no build target for: /workspace/Parcial1/parcial/src/main/scala/Main.scala
2022.11.10 21:24:18 WARN  no build target for: /workspace/Parcial1/parcial/src/main/scala/Main.scala
2022.11.10 21:24:31 WARN  no build target for: /workspace/Parcial1/parcial/src/main/scala/Main.scala
2022.11.10 21:24:33 WARN  no build target for: /workspace/Parcial1/parcial/src/main/scala/Main.scala
2022.11.10 21:24:38 WARN  no build target for: /workspace/Parcial1/parcial/src/main/scala/Main.scala
2022.11.10 21:24:42 WARN  no build target for: /workspace/Parcial1/parcial/src/main/scala/Main.scala
2022.11.10 21:24:46 WARN  no build target for: /workspace/Parcial1/parcial/src/main/scala/Main.scala
2022.11.10 21:24:50 WARN  no build target for: /workspace/Parcial1/parcial/src/main/scala/Main.scala
2022.11.10 21:24:56 WARN  no build target for: /workspace/Parcial1/parcial/src/main/scala/Main.scala
2022.11.10 21:24:59 WARN  no build target for: /workspace/Parcial1/parcial/src/main/scala/Main.scala
2022.11.10 21:25:01 WARN  no build target for: /workspace/Parcial1/parcial/src/main/scala/Main.scala
2022.11.10 21:25:03 WARN  no build target for: /workspace/Parcial1/parcial/src/main/scala/Main.scala
2022.11.10 21:25:05 WARN  no build target for: /workspace/Parcial1/parcial/src/main/scala/Main.scala
2022.11.10 21:25:15 WARN  no build target for: /workspace/Parcial1/parcial/src/main/scala/Main.scala
2022.11.10 21:25:19 WARN  no build target for: /workspace/Parcial1/parcial/src/main/scala/Main.scala
2022.11.10 21:25:22 WARN  no build target for: /workspace/Parcial1/parcial/src/main/scala/Main.scala
2022.11.10 21:25:24 WARN  no build target for: /workspace/Parcial1/parcial/src/main/scala/Main.scala
2022.11.10 21:25:28 WARN  no build target for: /workspace/Parcial1/parcial/src/main/scala/Main.scala
2022.11.10 21:25:30 WARN  no build target for: /workspace/Parcial1/parcial/src/main/scala/Main.scala
2022.11.10 21:25:39 WARN  no build target for: /workspace/Parcial1/parcial/src/main/scala/Main.scala
2022.11.10 21:25:41 WARN  no build target for: /workspace/Parcial1/parcial/src/main/scala/Main.scala
2022.11.10 21:25:44 WARN  no build target for: /workspace/Parcial1/parcial/src/main/scala/Main.scala
2022.11.10 21:25:48 WARN  no build target for: /workspace/Parcial1/parcial/src/main/scala/Main.scala
2022.11.10 21:25:49 WARN  no build target for: /workspace/Parcial1/parcial/src/main/scala/Main.scala
2022.11.10 21:25:52 WARN  no build target for: /workspace/Parcial1/parcial/src/main/scala/Main.scala
2022.11.10 21:25:55 WARN  no build target for: /workspace/Parcial1/parcial/src/main/scala/Main.scala
2022.11.10 21:26:00 WARN  no build target for: /workspace/Parcial1/parcial/src/main/scala/Main.scala
Nov 10, 2022 9:26:00 PM org.eclipse.lsp4j.jsonrpc.RemoteEndpoint handleCancellation
WARNING: Unmatched cancel notification for request id 465
2022.11.10 21:26:33 WARN  no build target for: /workspace/Parcial1/parcial/src/main/scala/Main.scala
2022.11.10 21:30:13 WARN  no build target for: /workspace/Parcial1/parcial/src/main/scala/Main.scala
2022.11.10 21:30:18 WARN  no build target for: /workspace/Parcial1/parcial/src/main/scala/Main.scala
2022.11.10 21:31:29 WARN  no build target for: /workspace/Parcial1/parcial/src/main/scala/Main.scala
2022.11.10 21:31:36 WARN  no build target for: /workspace/Parcial1/parcial/src/main/scala/Main.scala
2022.11.10 21:31:39 WARN  no build target for: /workspace/Parcial1/parcial/src/main/scala/Main.scala
2022.11.10 21:32:49 WARN  no build target for: /workspace/Parcial1/parcial/src/main/scala/Main.scala
2022.11.10 21:32:52 WARN  no build target for: /workspace/Parcial1/parcial/src/main/scala/Main.scala
2022.11.10 21:33:04 WARN  no build target for: /workspace/Parcial1/parcial/src/main/scala/Main.scala
2022.11.10 21:33:08 WARN  no build target for: /workspace/Parcial1/parcial/src/main/scala/Main.scala
2022.11.10 21:35:24 WARN  no build target for: /workspace/Parcial1/parcial/src/main/scala/Main.scala
2022.11.10 21:35:30 WARN  no build target for: /workspace/Parcial1/parcial/src/main/scala/Main.scala
2022.11.10 21:35:35 WARN  no build target for: /workspace/Parcial1/parcial/src/main/scala/Main.scala
2022.11.10 21:35:36 WARN  no build target for: /workspace/Parcial1/parcial/src/main/scala/Main.scala
2022.11.10 21:35:38 WARN  no build target for: /workspace/Parcial1/parcial/src/main/scala/Main.scala
2022.11.10 21:35:44 WARN  no build target for: /workspace/Parcial1/parcial/src/main/scala/Main.scala
2022.11.10 21:35:46 WARN  no build target for: /workspace/Parcial1/parcial/src/main/scala/Main.scala
2022.11.10 21:35:49 WARN  no build target for: /workspace/Parcial1/parcial/src/main/scala/Main.scala
2022.11.10 21:35:51 WARN  no build target for: /workspace/Parcial1/parcial/src/main/scala/Main.scala
2022.11.10 21:35:55 WARN  no build target for: /workspace/Parcial1/parcial/src/main/scala/Main.scala
2022.11.10 21:38:47 WARN  no build target for: /workspace/Parcial1/parcial/src/main/scala/Main.scala
2022.11.10 21:38:55 WARN  no build target for: /workspace/Parcial1/parcial/src/main/scala/Main.scala
2022.11.10 21:39:03 WARN  no build target for: /workspace/Parcial1/parcial/src/main/scala/Main.scala
2022.11.10 21:39:06 WARN  no build target for: /workspace/Parcial1/parcial/src/main/scala/Main.scala
Exception in thread "pool-3-thread-1" java.lang.InterruptedException
	at scala.meta.internal.metals.FutureCancelToken.checkCanceled(FutureCancelToken.scala:29)
	at scala.meta.internal.pc.CompilerAccess.onCompilerJobQueue$$anonfun$1(CompilerAccess.scala:195)
	at scala.meta.internal.pc.CompilerJobQueue$Job.run(CompilerJobQueue.scala:152)
	at java.base/java.util.concurrent.ThreadPoolExecutor.runWorker(ThreadPoolExecutor.java:1128)
	at java.base/java.util.concurrent.ThreadPoolExecutor$Worker.run(ThreadPoolExecutor.java:628)
	at java.base/java.lang.Thread.run(Thread.java:829)
2022.11.10 21:42:47 WARN  no build target for: /workspace/Parcial1/parcial/src/main/scala/Main.scala
2022.11.10 21:42:56 WARN  no build target for: /workspace/Parcial1/parcial/src/main/scala/Main.scala
2022.11.10 21:43:01 WARN  no build target for: /workspace/Parcial1/parcial/src/main/scala/Main.scala
2022.11.10 21:43:08 WARN  no build target for: /workspace/Parcial1/parcial/src/main/scala/Main.scala
2022.11.10 21:43:12 WARN  no build target for: /workspace/Parcial1/parcial/src/main/scala/Main.scala
2022.11.10 21:43:15 WARN  no build target for: /workspace/Parcial1/parcial/src/main/scala/Main.scala
2022.11.10 21:43:20 WARN  no build target for: /workspace/Parcial1/parcial/src/main/scala/Main.scala
2022.11.10 21:43:28 WARN  no build target for: /workspace/Parcial1/parcial/src/main/scala/Main.scala
2022.11.10 21:43:33 WARN  no build target for: /workspace/Parcial1/parcial/src/main/scala/Main.scala
2022.11.10 21:43:36 WARN  no build target for: /workspace/Parcial1/parcial/src/main/scala/Main.scala
2022.11.10 21:43:40 WARN  no build target for: /workspace/Parcial1/parcial/src/main/scala/Main.scala
2022.11.10 21:43:42 WARN  no build target for: /workspace/Parcial1/parcial/src/main/scala/Main.scala
2022.11.10 21:48:01 WARN  no build target for: /workspace/Parcial1/parcial/src/main/scala/Main.scala
2022.11.10 21:48:02 WARN  no build target for: /workspace/Parcial1/parcial/src/main/scala/Main.scala
2022.11.10 21:48:04 WARN  no build target for: /workspace/Parcial1/parcial/src/main/scala/Main.scala
2022.11.10 21:48:16 WARN  no build target for: /workspace/Parcial1/parcial/src/main/scala/Main.scala
2022.11.10 21:48:27 WARN  no build target for: /workspace/Parcial1/parcial/src/main/scala/Main.scala
2022.11.10 21:54:07 WARN  no build target for: /workspace/Parcial1/parcial/src/main/scala/Main.scala
2022.11.10 21:56:08 WARN  no build target for: /workspace/Parcial1/parcial/src/main/scala/Main.scala
2022.11.10 22:00:04 WARN  no build target for: /workspace/Parcial1/parcial/src/main/scala/Main.scala
2022.11.10 22:00:05 WARN  no build target for: /workspace/Parcial1/parcial/src/main/scala/Main.scala
2022.11.10 22:00:14 WARN  no build target for: /workspace/Parcial1/parcial/src/main/scala/Main.scala
2022.11.10 22:02:10 WARN  no build target for: /workspace/Parcial1/parcial/src/main/scala/Main.scala
2022.11.10 22:02:20 WARN  no build target for: /workspace/Parcial1/parcial/src/main/scala/Main.scala
2022.11.10 22:02:22 WARN  no build target for: /workspace/Parcial1/parcial/src/main/scala/Main.scala
2022.11.10 22:16:29 WARN  no build target for: /workspace/Parcial1/parcial/src/main/scala/Main.scala
2022.11.10 22:16:33 WARN  no build target for: /workspace/Parcial1/parcial/src/main/scala/Main.scala
2022.11.10 22:16:38 WARN  no build target for: /workspace/Parcial1/parcial/src/main/scala/Main.scala
2022.11.10 22:16:40 WARN  no build target for: /workspace/Parcial1/parcial/src/main/scala/Main.scala
2022.11.10 22:16:44 WARN  no build target for: /workspace/Parcial1/parcial/src/main/scala/Main.scala
2022.11.10 22:17:20 WARN  no build target for: /workspace/Parcial1/parcial/src/main/scala/Main.scala
2022.11.10 22:17:25 WARN  no build target for: /workspace/Parcial1/parcial/src/main/scala/Main.scala
2022.11.10 22:17:43 WARN  no build target for: /workspace/Parcial1/parcial/src/main/scala/Main.scala
2022.11.10 22:17:46 WARN  no build target for: /workspace/Parcial1/parcial/src/main/scala/Main.scala
2022.11.10 22:18:02 WARN  no build target for: /workspace/Parcial1/parcial/src/main/scala/Main.scala
2022.11.10 22:18:05 WARN  no build target for: /workspace/Parcial1/parcial/src/main/scala/Main.scala
2022.11.10 22:18:08 WARN  no build target for: /workspace/Parcial1/parcial/src/main/scala/Main.scala
2022.11.10 22:18:10 WARN  no build target for: /workspace/Parcial1/parcial/src/main/scala/Main.scala
2022.11.10 22:18:15 WARN  no build target for: /workspace/Parcial1/parcial/src/main/scala/Main.scala
2022.11.10 22:18:17 WARN  no build target for: /workspace/Parcial1/parcial/src/main/scala/Main.scala
2022.11.10 22:18:22 WARN  no build target for: /workspace/Parcial1/parcial/src/main/scala/Main.scala
2022.11.10 22:18:33 WARN  no build target for: /workspace/Parcial1/parcial/src/main/scala/Main.scala
2022.11.10 22:18:48 WARN  no build target for: /workspace/Parcial1/parcial/src/main/scala/Main.scala
2022.11.10 22:18:53 WARN  no build target for: /workspace/Parcial1/parcial/src/main/scala/Main.scala
2022.11.10 22:18:54 WARN  no build target for: /workspace/Parcial1/parcial/src/main/scala/Main.scala
2022.11.10 22:18:54 WARN  no build target for: /workspace/Parcial1/parcial/src/main/scala/Main.scala
2022.11.10 22:18:55 WARN  no build target for: /workspace/Parcial1/parcial/src/main/scala/Main.scala
2022.11.10 22:19:07 WARN  no build target for: /workspace/Parcial1/parcial/src/main/scala/Main.scala
2022.11.10 22:21:24 WARN  no build target for: /workspace/Parcial1/parcial/src/main/scala/Main.scala
2022.11.10 22:22:02 WARN  no build target for: /workspace/Parcial1/parcial/src/main/scala/Main.scala
2022.11.10 22:22:04 WARN  no build target for: /workspace/Parcial1/parcial/src/main/scala/Main.scala
2022.11.10 22:22:08 WARN  no build target for: /workspace/Parcial1/parcial/src/main/scala/Main.scala
2022.11.10 22:22:10 WARN  no build target for: /workspace/Parcial1/parcial/src/main/scala/Main.scala
2022.11.10 22:23:06 WARN  no build target for: /workspace/Parcial1/parcial/src/main/scala/Main.scala
2022.11.10 22:23:07 WARN  no build target for: /workspace/Parcial1/parcial/src/main/scala/Main.scala
2022.11.10 22:23:18 WARN  no build target for: /workspace/Parcial1/parcial/src/main/scala/Main.scala
2022.11.10 22:23:25 WARN  no build target for: /workspace/Parcial1/parcial/src/main/scala/Main.scala
2022.11.10 22:23:32 WARN  no build target for: /workspace/Parcial1/parcial/src/main/scala/Main.scala
2022.11.10 22:23:42 WARN  no build target for: /workspace/Parcial1/parcial/src/main/scala/Main.scala
2022.11.10 22:23:45 WARN  no build target for: /workspace/Parcial1/parcial/src/main/scala/Main.scala
2022.11.10 22:27:01 WARN  no build target for: /workspace/Parcial1/parcial/src/main/scala/Main.scala
2022.11.10 22:27:07 WARN  no build target for: /workspace/Parcial1/parcial/src/main/scala/Main.scala
2022.11.10 22:27:12 WARN  no build target for: /workspace/Parcial1/parcial/src/main/scala/Main.scala
2022.11.10 22:27:16 WARN  no build target for: /workspace/Parcial1/parcial/src/main/scala/Main.scala
2022.11.10 22:27:20 WARN  no build target for: /workspace/Parcial1/parcial/src/main/scala/Main.scala
2022.11.10 22:27:27 WARN  no build target for: /workspace/Parcial1/parcial/src/main/scala/Main.scala
2022.11.10 22:27:32 WARN  no build target for: /workspace/Parcial1/parcial/src/main/scala/Main.scala
2022.11.10 22:27:43 WARN  no build target for: /workspace/Parcial1/parcial/src/main/scala/Main.scala
2022.11.10 22:27:44 WARN  no build target for: /workspace/Parcial1/parcial/src/main/scala/Main.scala
2022.11.10 22:27:47 WARN  no build target for: /workspace/Parcial1/parcial/src/main/scala/Main.scala
2022.11.10 22:27:50 WARN  no build target for: /workspace/Parcial1/parcial/src/main/scala/Main.scala
2022.11.10 22:27:54 WARN  no build target for: /workspace/Parcial1/parcial/src/main/scala/Main.scala
Nov 10, 2022 10:27:55 PM scala.meta.internal.pc.CompilerAccess handleError
SEVERE: NoDenotation.owner
java.lang.AssertionError: NoDenotation.owner
	at dotty.tools.dotc.core.SymDenotations$NoDenotation$.owner(SymDenotations.scala:2499)
	at scala.meta.internal.pc.PcDocumentHighlightProvider$.isForComprehensionOwner$1(PcDocumentHighlightProvider.scala:163)
	at scala.meta.internal.pc.PcDocumentHighlightProvider$.collectNames$1(PcDocumentHighlightProvider.scala:178)
	at scala.meta.internal.pc.PcDocumentHighlightProvider$.$anonfun$4(PcDocumentHighlightProvider.scala:275)
	at dotty.tools.dotc.ast.Trees$Instance$DeepFolder.apply(Trees.scala:1669)
	at dotty.tools.dotc.ast.Trees$Instance$TreeAccumulator.fold$1(Trees.scala:1535)
	at dotty.tools.dotc.ast.Trees$Instance$TreeAccumulator.apply(Trees.scala:1537)
	at dotty.tools.dotc.ast.Trees$Instance$TreeAccumulator.foldOver(Trees.scala:1554)
	at dotty.tools.dotc.ast.Trees$Instance$DeepFolder.apply(Trees.scala:1669)
	at dotty.tools.dotc.ast.Trees$Instance$TreeAccumulator.foldOver(Trees.scala:1623)
	at dotty.tools.dotc.ast.Trees$Instance$DeepFolder.apply(Trees.scala:1669)
	at dotty.tools.dotc.ast.Trees$Instance$TreeAccumulator.fold$1(Trees.scala:1535)
	at dotty.tools.dotc.ast.Trees$Instance$TreeAccumulator.apply(Trees.scala:1537)
	at dotty.tools.dotc.ast.Trees$Instance$TreeAccumulator.foldOver(Trees.scala:1568)
	at dotty.tools.dotc.ast.Trees$Instance$DeepFolder.apply(Trees.scala:1669)
	at dotty.tools.dotc.ast.Trees$Instance$TreeAccumulator.foldOver(Trees.scala:1619)
	at dotty.tools.dotc.ast.Trees$Instance$DeepFolder.apply(Trees.scala:1669)
	at dotty.tools.dotc.ast.Trees$Instance$TreeAccumulator.fold$1(Trees.scala:1535)
	at dotty.tools.dotc.ast.Trees$Instance$TreeAccumulator.apply(Trees.scala:1537)
	at dotty.tools.dotc.ast.Trees$Instance$TreeAccumulator.foldOver(Trees.scala:1568)
	at dotty.tools.dotc.ast.Trees$Instance$DeepFolder.apply(Trees.scala:1669)
	at dotty.tools.dotc.ast.Trees$Instance$TreeAccumulator.foldOver(Trees.scala:1623)
	at dotty.tools.dotc.ast.Trees$Instance$DeepFolder.apply(Trees.scala:1669)
	at dotty.tools.dotc.ast.Trees$Instance$TreeAccumulator.fold$1(Trees.scala:1535)
	at dotty.tools.dotc.ast.Trees$Instance$TreeAccumulator.apply(Trees.scala:1537)
	at dotty.tools.dotc.ast.Trees$Instance$TreeAccumulator.foldOver(Trees.scala:1630)
	at dotty.tools.dotc.ast.Trees$Instance$DeepFolder.apply(Trees.scala:1669)
	at dotty.tools.dotc.ast.Trees$Instance$TreeAccumulator.foldOver(Trees.scala:1627)
	at dotty.tools.dotc.ast.Trees$Instance$DeepFolder.apply(Trees.scala:1669)
	at dotty.tools.dotc.ast.Trees$Instance$TreeAccumulator.fold$1(Trees.scala:1535)
	at dotty.tools.dotc.ast.Trees$Instance$TreeAccumulator.apply(Trees.scala:1537)
	at dotty.tools.dotc.ast.Trees$Instance$TreeAccumulator.foldOver(Trees.scala:1636)
	at dotty.tools.dotc.ast.Trees$Instance$TreeAccumulator.foldOver(Trees.scala:1541)
	at dotty.tools.dotc.ast.Trees$Instance$DeepFolder.apply(Trees.scala:1669)
	at scala.meta.internal.pc.PcDocumentHighlightProvider$.highlights(PcDocumentHighlightProvider.scala:276)

Nov 10, 2022 10:28:00 PM org.eclipse.lsp4j.jsonrpc.RemoteEndpoint handleCancellation
WARNING: Unmatched cancel notification for request id 2083
2022.11.10 22:28:01 WARN  no build target for: /workspace/Parcial1/parcial/src/main/scala/Main.scala
Nov 10, 2022 10:28:01 PM org.eclipse.lsp4j.jsonrpc.RemoteEndpoint handleCancellation
WARNING: Unmatched cancel notification for request id 2087
2022.11.10 22:28:06 WARN  no build target for: /workspace/Parcial1/parcial/src/main/scala/Main.scala
2022.11.10 22:28:13 WARN  no build target for: /workspace/Parcial1/parcial/src/main/scala/Main.scala
2022.11.10 22:28:16 WARN  no build target for: /workspace/Parcial1/parcial/src/main/scala/Main.scala
2022.11.10 22:28:22 WARN  no build target for: /workspace/Parcial1/parcial/src/main/scala/Main.scala
2022.11.10 22:28:24 WARN  no build target for: /workspace/Parcial1/parcial/src/main/scala/Main.scala
2022.11.10 22:28:28 WARN  no build target for: /workspace/Parcial1/parcial/src/main/scala/Main.scala
2022.11.10 22:28:32 WARN  no build target for: /workspace/Parcial1/parcial/src/main/scala/Main.scala
2022.11.10 22:28:36 WARN  no build target for: /workspace/Parcial1/parcial/src/main/scala/Main.scala
2022.11.10 22:28:41 WARN  no build target for: /workspace/Parcial1/parcial/src/main/scala/Main.scala
2022.11.10 22:28:49 WARN  no build target for: /workspace/Parcial1/parcial/src/main/scala/Main.scala
2022.11.10 22:28:52 WARN  no build target for: /workspace/Parcial1/parcial/src/main/scala/Main.scala
2022.11.10 22:29:01 WARN  no build target for: /workspace/Parcial1/parcial/src/main/scala/Main.scala
2022.11.10 22:29:04 WARN  no build target for: /workspace/Parcial1/parcial/src/main/scala/Main.scala
2022.11.10 22:29:06 WARN  no build target for: /workspace/Parcial1/parcial/src/main/scala/Main.scala
2022.11.10 22:29:34 WARN  no build target for: /workspace/Parcial1/parcial/src/main/scala/Main.scala
Nov 10, 2022 10:30:25 PM scala.meta.internal.pc.CompilerAccess handleError
SEVERE: NoDenotation.owner
java.lang.AssertionError: NoDenotation.owner
	at dotty.tools.dotc.core.SymDenotations$NoDenotation$.owner(SymDenotations.scala:2499)
	at scala.meta.internal.pc.PcDocumentHighlightProvider$.isForComprehensionOwner$1(PcDocumentHighlightProvider.scala:163)
	at scala.meta.internal.pc.PcDocumentHighlightProvider$.collectNames$1(PcDocumentHighlightProvider.scala:178)
	at scala.meta.internal.pc.PcDocumentHighlightProvider$.$anonfun$4(PcDocumentHighlightProvider.scala:275)
	at dotty.tools.dotc.ast.Trees$Instance$DeepFolder.apply(Trees.scala:1669)
	at dotty.tools.dotc.ast.Trees$Instance$TreeAccumulator.fold$1(Trees.scala:1535)
	at dotty.tools.dotc.ast.Trees$Instance$TreeAccumulator.apply(Trees.scala:1537)
	at dotty.tools.dotc.ast.Trees$Instance$TreeAccumulator.foldOver(Trees.scala:1554)
	at dotty.tools.dotc.ast.Trees$Instance$DeepFolder.apply(Trees.scala:1669)
	at dotty.tools.dotc.ast.Trees$Instance$TreeAccumulator.foldOver(Trees.scala:1623)
	at dotty.tools.dotc.ast.Trees$Instance$DeepFolder.apply(Trees.scala:1669)
	at dotty.tools.dotc.ast.Trees$Instance$TreeAccumulator.fold$1(Trees.scala:1535)
	at dotty.tools.dotc.ast.Trees$Instance$TreeAccumulator.apply(Trees.scala:1537)
	at dotty.tools.dotc.ast.Trees$Instance$TreeAccumulator.foldOver(Trees.scala:1568)
	at dotty.tools.dotc.ast.Trees$Instance$DeepFolder.apply(Trees.scala:1669)
	at dotty.tools.dotc.ast.Trees$Instance$TreeAccumulator.foldOver(Trees.scala:1619)
	at dotty.tools.dotc.ast.Trees$Instance$DeepFolder.apply(Trees.scala:1669)
	at dotty.tools.dotc.ast.Trees$Instance$TreeAccumulator.fold$1(Trees.scala:1535)
	at dotty.tools.dotc.ast.Trees$Instance$TreeAccumulator.apply(Trees.scala:1537)
	at dotty.tools.dotc.ast.Trees$Instance$TreeAccumulator.foldOver(Trees.scala:1568)
	at dotty.tools.dotc.ast.Trees$Instance$DeepFolder.apply(Trees.scala:1669)
	at dotty.tools.dotc.ast.Trees$Instance$TreeAccumulator.foldOver(Trees.scala:1623)
	at dotty.tools.dotc.ast.Trees$Instance$DeepFolder.apply(Trees.scala:1669)
	at dotty.tools.dotc.ast.Trees$Instance$TreeAccumulator.fold$1(Trees.scala:1535)
	at dotty.tools.dotc.ast.Trees$Instance$TreeAccumulator.apply(Trees.scala:1537)
	at dotty.tools.dotc.ast.Trees$Instance$TreeAccumulator.foldOver(Trees.scala:1630)
	at dotty.tools.dotc.ast.Trees$Instance$DeepFolder.apply(Trees.scala:1669)
	at dotty.tools.dotc.ast.Trees$Instance$TreeAccumulator.foldOver(Trees.scala:1627)
	at dotty.tools.dotc.ast.Trees$Instance$DeepFolder.apply(Trees.scala:1669)
	at dotty.tools.dotc.ast.Trees$Instance$TreeAccumulator.fold$1(Trees.scala:1535)
	at dotty.tools.dotc.ast.Trees$Instance$TreeAccumulator.apply(Trees.scala:1537)
	at dotty.tools.dotc.ast.Trees$Instance$TreeAccumulator.foldOver(Trees.scala:1636)
	at dotty.tools.dotc.ast.Trees$Instance$TreeAccumulator.foldOver(Trees.scala:1541)
	at dotty.tools.dotc.ast.Trees$Instance$DeepFolder.apply(Trees.scala:1669)
	at scala.meta.internal.pc.PcDocumentHighlightProvider$.highlights(PcDocumentHighlightProvider.scala:276)

2022.11.10 22:30:32 WARN  no build target for: /workspace/Parcial1/parcial/src/main/scala/Main.scala
2022.11.10 22:30:42 WARN  no build target for: /workspace/Parcial1/parcial/src/main/scala/Main.scala
2022.11.10 22:30:55 WARN  no build target for: /workspace/Parcial1/parcial/src/main/scala/Main.scala
2022.11.10 22:30:57 WARN  no build target for: /workspace/Parcial1/parcial/src/main/scala/Main.scala
2022.11.10 22:30:59 WARN  no build target for: /workspace/Parcial1/parcial/src/main/scala/Main.scala
2022.11.10 22:31:01 WARN  no build target for: /workspace/Parcial1/parcial/src/main/scala/Main.scala
2022.11.10 22:31:06 WARN  no build target for: /workspace/Parcial1/parcial/src/main/scala/Main.scala
2022.11.10 22:31:09 WARN  no build target for: /workspace/Parcial1/parcial/src/main/scala/Main.scala
2022.11.10 22:32:01 WARN  no build target for: /workspace/Parcial1/parcial/src/main/scala/Main.scala
2022.11.10 22:32:03 WARN  no build target for: /workspace/Parcial1/parcial/src/main/scala/Main.scala
2022.11.10 22:32:15 WARN  no build target for: /workspace/Parcial1/parcial/src/main/scala/Main.scala
2022.11.10 22:32:16 WARN  no build target for: /workspace/Parcial1/parcial/src/main/scala/Main.scala
2022.11.10 22:32:22 WARN  no build target for: /workspace/Parcial1/parcial/src/main/scala/Main.scala
2022.11.10 22:32:27 WARN  no build target for: /workspace/Parcial1/parcial/src/main/scala/Main.scala
2022.11.10 22:32:30 WARN  no build target for: /workspace/Parcial1/parcial/src/main/scala/Main.scala
2022.11.10 22:32:41 WARN  no build target for: /workspace/Parcial1/parcial/src/main/scala/Main.scala
2022.11.10 22:32:57 WARN  no build target for: /workspace/Parcial1/parcial/src/main/scala/Main.scala
Nov 10, 2022 10:33:27 PM scala.meta.internal.pc.CompilerAccess handleError
SEVERE: NoDenotation.owner
java.lang.AssertionError: NoDenotation.owner
	at dotty.tools.dotc.core.SymDenotations$NoDenotation$.owner(SymDenotations.scala:2499)
	at scala.meta.internal.pc.PcDocumentHighlightProvider$.isForComprehensionOwner$1(PcDocumentHighlightProvider.scala:163)
	at scala.meta.internal.pc.PcDocumentHighlightProvider$.collectNames$1(PcDocumentHighlightProvider.scala:178)
	at scala.meta.internal.pc.PcDocumentHighlightProvider$.$anonfun$4(PcDocumentHighlightProvider.scala:275)
	at dotty.tools.dotc.ast.Trees$Instance$DeepFolder.apply(Trees.scala:1669)
	at dotty.tools.dotc.ast.Trees$Instance$TreeAccumulator.fold$1(Trees.scala:1535)
	at dotty.tools.dotc.ast.Trees$Instance$TreeAccumulator.apply(Trees.scala:1537)
	at dotty.tools.dotc.ast.Trees$Instance$TreeAccumulator.foldOver(Trees.scala:1554)
	at dotty.tools.dotc.ast.Trees$Instance$DeepFolder.apply(Trees.scala:1669)
	at dotty.tools.dotc.ast.Trees$Instance$TreeAccumulator.foldOver(Trees.scala:1548)
	at dotty.tools.dotc.ast.Trees$Instance$DeepFolder.apply(Trees.scala:1669)
	at dotty.tools.dotc.ast.Trees$Instance$TreeAccumulator.foldOver(Trees.scala:1554)
	at dotty.tools.dotc.ast.Trees$Instance$DeepFolder.apply(Trees.scala:1669)
	at dotty.tools.dotc.ast.Trees$Instance$TreeAccumulator.foldOver(Trees.scala:1623)
	at dotty.tools.dotc.ast.Trees$Instance$DeepFolder.apply(Trees.scala:1669)
	at dotty.tools.dotc.ast.Trees$Instance$TreeAccumulator.fold$1(Trees.scala:1535)
	at dotty.tools.dotc.ast.Trees$Instance$TreeAccumulator.apply(Trees.scala:1537)
	at dotty.tools.dotc.ast.Trees$Instance$TreeAccumulator.foldOver(Trees.scala:1568)
	at dotty.tools.dotc.ast.Trees$Instance$DeepFolder.apply(Trees.scala:1669)
	at dotty.tools.dotc.ast.Trees$Instance$TreeAccumulator.foldOver(Trees.scala:1619)
	at dotty.tools.dotc.ast.Trees$Instance$DeepFolder.apply(Trees.scala:1669)
	at dotty.tools.dotc.ast.Trees$Instance$TreeAccumulator.fold$1(Trees.scala:1535)
	at dotty.tools.dotc.ast.Trees$Instance$TreeAccumulator.apply(Trees.scala:1537)
	at dotty.tools.dotc.ast.Trees$Instance$TreeAccumulator.foldOver(Trees.scala:1568)
	at dotty.tools.dotc.ast.Trees$Instance$DeepFolder.apply(Trees.scala:1669)
	at dotty.tools.dotc.ast.Trees$Instance$TreeAccumulator.foldOver(Trees.scala:1623)
	at dotty.tools.dotc.ast.Trees$Instance$DeepFolder.apply(Trees.scala:1669)
	at dotty.tools.dotc.ast.Trees$Instance$TreeAccumulator.fold$1(Trees.scala:1535)
	at dotty.tools.dotc.ast.Trees$Instance$TreeAccumulator.apply(Trees.scala:1537)
	at dotty.tools.dotc.ast.Trees$Instance$TreeAccumulator.foldOver(Trees.scala:1630)
	at dotty.tools.dotc.ast.Trees$Instance$DeepFolder.apply(Trees.scala:1669)
	at dotty.tools.dotc.ast.Trees$Instance$TreeAccumulator.foldOver(Trees.scala:1627)
	at dotty.tools.dotc.ast.Trees$Instance$DeepFolder.apply(Trees.scala:1669)
	at dotty.tools.dotc.ast.Trees$Instance$TreeAccumulator.fold$1(Trees.scala:1535)
	at dotty.tools.dotc.ast.Trees$Instance$TreeAccumulator.apply(Trees.scala:1537)
	at dotty.tools.dotc.ast.Trees$Instance$TreeAccumulator.foldOver(Trees.scala:1636)
	at dotty.tools.dotc.ast.Trees$Instance$TreeAccumulator.foldOver(Trees.scala:1541)
	at dotty.tools.dotc.ast.Trees$Instance$DeepFolder.apply(Trees.scala:1669)
	at scala.meta.internal.pc.PcDocumentHighlightProvider$.highlights(PcDocumentHighlightProvider.scala:276)

Nov 10, 2022 10:34:47 PM scala.meta.internal.pc.CompilerAccess handleError
SEVERE: NoDenotation.owner
java.lang.AssertionError: NoDenotation.owner
	at dotty.tools.dotc.core.SymDenotations$NoDenotation$.owner(SymDenotations.scala:2499)
	at scala.meta.internal.pc.PcDocumentHighlightProvider$.isForComprehensionOwner$1(PcDocumentHighlightProvider.scala:163)
	at scala.meta.internal.pc.PcDocumentHighlightProvider$.collectNames$1(PcDocumentHighlightProvider.scala:178)
	at scala.meta.internal.pc.PcDocumentHighlightProvider$.$anonfun$4(PcDocumentHighlightProvider.scala:275)
	at dotty.tools.dotc.ast.Trees$Instance$DeepFolder.apply(Trees.scala:1669)
	at dotty.tools.dotc.ast.Trees$Instance$TreeAccumulator.fold$1(Trees.scala:1535)
	at dotty.tools.dotc.ast.Trees$Instance$TreeAccumulator.apply(Trees.scala:1537)
	at dotty.tools.dotc.ast.Trees$Instance$TreeAccumulator.foldOver(Trees.scala:1554)
	at dotty.tools.dotc.ast.Trees$Instance$DeepFolder.apply(Trees.scala:1669)
	at dotty.tools.dotc.ast.Trees$Instance$TreeAccumulator.foldOver(Trees.scala:1548)
	at dotty.tools.dotc.ast.Trees$Instance$DeepFolder.apply(Trees.scala:1669)
	at dotty.tools.dotc.ast.Trees$Instance$TreeAccumulator.foldOver(Trees.scala:1554)
	at dotty.tools.dotc.ast.Trees$Instance$DeepFolder.apply(Trees.scala:1669)
	at dotty.tools.dotc.ast.Trees$Instance$TreeAccumulator.foldOver(Trees.scala:1623)
	at dotty.tools.dotc.ast.Trees$Instance$DeepFolder.apply(Trees.scala:1669)
	at dotty.tools.dotc.ast.Trees$Instance$TreeAccumulator.fold$1(Trees.scala:1535)
	at dotty.tools.dotc.ast.Trees$Instance$TreeAccumulator.apply(Trees.scala:1537)
	at dotty.tools.dotc.ast.Trees$Instance$TreeAccumulator.foldOver(Trees.scala:1568)
	at dotty.tools.dotc.ast.Trees$Instance$DeepFolder.apply(Trees.scala:1669)
	at dotty.tools.dotc.ast.Trees$Instance$TreeAccumulator.foldOver(Trees.scala:1619)
	at dotty.tools.dotc.ast.Trees$Instance$DeepFolder.apply(Trees.scala:1669)
	at dotty.tools.dotc.ast.Trees$Instance$TreeAccumulator.fold$1(Trees.scala:1535)
	at dotty.tools.dotc.ast.Trees$Instance$TreeAccumulator.apply(Trees.scala:1537)
	at dotty.tools.dotc.ast.Trees$Instance$TreeAccumulator.foldOver(Trees.scala:1568)
	at dotty.tools.dotc.ast.Trees$Instance$DeepFolder.apply(Trees.scala:1669)
	at dotty.tools.dotc.ast.Trees$Instance$TreeAccumulator.foldOver(Trees.scala:1623)
	at dotty.tools.dotc.ast.Trees$Instance$DeepFolder.apply(Trees.scala:1669)
	at dotty.tools.dotc.ast.Trees$Instance$TreeAccumulator.fold$1(Trees.scala:1535)
	at dotty.tools.dotc.ast.Trees$Instance$TreeAccumulator.apply(Trees.scala:1537)
	at dotty.tools.dotc.ast.Trees$Instance$TreeAccumulator.foldOver(Trees.scala:1630)
	at dotty.tools.dotc.ast.Trees$Instance$DeepFolder.apply(Trees.scala:1669)
	at dotty.tools.dotc.ast.Trees$Instance$TreeAccumulator.foldOver(Trees.scala:1627)
	at dotty.tools.dotc.ast.Trees$Instance$DeepFolder.apply(Trees.scala:1669)
	at dotty.tools.dotc.ast.Trees$Instance$TreeAccumulator.fold$1(Trees.scala:1535)
	at dotty.tools.dotc.ast.Trees$Instance$TreeAccumulator.apply(Trees.scala:1537)
	at dotty.tools.dotc.ast.Trees$Instance$TreeAccumulator.foldOver(Trees.scala:1636)
	at dotty.tools.dotc.ast.Trees$Instance$TreeAccumulator.foldOver(Trees.scala:1541)
	at dotty.tools.dotc.ast.Trees$Instance$DeepFolder.apply(Trees.scala:1669)
	at scala.meta.internal.pc.PcDocumentHighlightProvider$.highlights(PcDocumentHighlightProvider.scala:276)

2022.11.10 22:36:51 WARN  no build target for: /workspace/Parcial1/parcial/src/main/scala/Main.scala
Nov 10, 2022 10:39:08 PM org.eclipse.lsp4j.jsonrpc.RemoteEndpoint handleCancellation
WARNING: Unmatched cancel notification for request id 2548
2022.11.10 22:43:20 WARN  no build target for: /workspace/Parcial1/parcial/src/main/scala/Main.scala
2022.11.10 22:43:40 INFO  shutting down Metals
